<?xml version="1.0" encoding="UTF-8"?>
<robot generator="Robot 5.0.1 (Python 3.9.12 on win32)" generated="20220924 01:53:55.289" rpa="false" schemaversion="3">
<suite id="s1" name="Api Test" source="D:\work\Assignment\git-flow\assignment_lotuss_web\testcases\api_test.robot">
<test id="s1-t1" name="TC-001-get api test ex-01" line="23">
<kw name="Create Session" library="RequestsLibrary">
<arg>get_api</arg>
<arg>${base_url}</arg>
<doc>Create Session: create a HTTP session to a server</doc>
<msg timestamp="20220924 01:53:55.838" level="INFO">Creating Session using : alias=get_api, url=https://thetestingworldapi.com, headers={},                     cookies={}, auth=None, timeout=None, proxies=None, verify=False,                     debug=0 </msg>
<status status="PASS" starttime="20220924 01:53:55.838" endtime="20220924 01:53:55.839"/>
</kw>
<kw name="Get Request" library="RequestsLibrary">
<var>${response}</var>
<arg>get_api</arg>
<arg>api/technicalskills/${1}</arg>
<doc>Send a GET request on the session object found using the
given `alias`</doc>
<msg timestamp="20220924 01:53:56.202" level="INFO">GET Request : url=https://thetestingworldapi.com/api/technicalskills/1 
 path_url=/api/technicalskills/1 
 headers={'User-Agent': 'python-requests/2.26.0', 'Accept-Encoding': 'gzip, deflate', 'Accept': '*/*', 'Connection': 'keep-alive'} 
 body=None 
 </msg>
<msg timestamp="20220924 01:53:56.202" level="INFO">GET Response : url=https://thetestingworldapi.com/api/technicalskills/1 
 status=200, reason=OK 
 body={"status":"false","msg":"No Data Found"} 
 </msg>
<msg timestamp="20220924 01:53:56.202" level="INFO">D:\work\Assignment\git-flow\assignment_lotuss_web\venv\lib\site-packages\urllib3\connectionpool.py:1045: InsecureRequestWarning: Unverified HTTPS request is being made to host 'thetestingworldapi.com'. Adding certificate verification is strongly advised. See: https://urllib3.readthedocs.io/en/1.26.x/advanced-usage.html#ssl-warnings
  warnings.warn(</msg>
<msg timestamp="20220924 01:53:56.203" level="INFO">${response} = &lt;Response [200]&gt;</msg>
<status status="PASS" starttime="20220924 01:53:55.839" endtime="20220924 01:53:56.203"/>
</kw>
<kw name="http response status from '${response}' should be '200'" sourcename="http response status from '${response}' should be '${expected_http_response_status}'">
<kw name="Should Be Equal As Integers" library="BuiltIn">
<arg>${response.status_code}</arg>
<arg>${${expected_http_response_status}}</arg>
<arg>valid http status</arg>
<doc>Fails if objects are unequal after converting them to integers.</doc>
<status status="PASS" starttime="20220924 01:53:56.204" endtime="20220924 01:53:56.205"/>
</kw>
<status status="PASS" starttime="20220924 01:53:56.203" endtime="20220924 01:53:56.205"/>
</kw>
<kw name="Log To Console" library="BuiltIn">
<arg>${response.status_code}</arg>
<doc>Logs the given message to the console.</doc>
<status status="PASS" starttime="20220924 01:53:56.205" endtime="20220924 01:53:56.206"/>
</kw>
<kw name="Log To Console" library="BuiltIn">
<arg>${response.content}</arg>
<doc>Logs the given message to the console.</doc>
<status status="PASS" starttime="20220924 01:53:56.207" endtime="20220924 01:53:56.208"/>
</kw>
<status status="PASS" starttime="20220924 01:53:55.837" endtime="20220924 01:53:56.209"/>
</test>
<test id="s1-t2" name="TC-002-post api test ex-02" line="30">
<kw name="Create Session" library="RequestsLibrary">
<arg>post_api</arg>
<arg>${base_url}</arg>
<doc>Create Session: create a HTTP session to a server</doc>
<msg timestamp="20220924 01:53:56.212" level="INFO">Creating Session using : alias=post_api, url=https://thetestingworldapi.com, headers={},                     cookies={}, auth=None, timeout=None, proxies=None, verify=False,                     debug=0 </msg>
<status status="PASS" starttime="20220924 01:53:56.212" endtime="20220924 01:53:56.212"/>
</kw>
<kw name="Post Request" library="RequestsLibrary">
<var>${response}</var>
<arg>post_api</arg>
<arg>api/Students</arg>
<doc>Send a POST request on the session object found using the
given `alias`</doc>
<msg timestamp="20220924 01:53:56.543" level="INFO">POST Request : url=https://thetestingworldapi.com/api/Students 
 path_url=/api/Students 
 headers={'User-Agent': 'python-requests/2.26.0', 'Accept-Encoding': 'gzip, deflate', 'Accept': '*/*', 'Connection': 'keep-alive', 'Content-Length': '0'} 
 body=None 
 </msg>
<msg timestamp="20220924 01:53:56.543" level="INFO">POST Response : url=https://thetestingworldapi.com/api/Students 
 status=401, reason=Unauthorized 
 body={"Message":"Authorization has been denied for this request."} 
 </msg>
<msg timestamp="20220924 01:53:56.543" level="INFO">D:\work\Assignment\git-flow\assignment_lotuss_web\venv\lib\site-packages\urllib3\connectionpool.py:1045: InsecureRequestWarning: Unverified HTTPS request is being made to host 'thetestingworldapi.com'. Adding certificate verification is strongly advised. See: https://urllib3.readthedocs.io/en/1.26.x/advanced-usage.html#ssl-warnings
  warnings.warn(</msg>
<msg timestamp="20220924 01:53:56.545" level="INFO">${response} = &lt;Response [401]&gt;</msg>
<status status="PASS" starttime="20220924 01:53:56.213" endtime="20220924 01:53:56.545"/>
</kw>
<kw name="http response status from '${response}' should be '200'" sourcename="http response status from '${response}' should be '${expected_http_response_status}'">
<kw name="Should Be Equal As Integers" library="BuiltIn">
<arg>${response.status_code}</arg>
<arg>${${expected_http_response_status}}</arg>
<arg>valid http status</arg>
<doc>Fails if objects are unequal after converting them to integers.</doc>
<msg timestamp="20220924 01:53:56.550" level="FAIL">valid http status: 401 != 200</msg>
<status status="FAIL" starttime="20220924 01:53:56.546" endtime="20220924 01:53:56.550"/>
</kw>
<status status="FAIL" starttime="20220924 01:53:56.546" endtime="20220924 01:53:56.552"/>
</kw>
<kw name="Log To Console" library="BuiltIn">
<arg>${response.status_code}</arg>
<doc>Logs the given message to the console.</doc>
<status status="NOT RUN" starttime="20220924 01:53:56.553" endtime="20220924 01:53:56.553"/>
</kw>
<status status="FAIL" starttime="20220924 01:53:56.211" endtime="20220924 01:53:56.555">valid http status: 401 != 200</status>
</test>
<test id="s1-t3" name="TC-003-get api with access key ex-03" line="36">
<kw name="Create Session" library="RequestsLibrary">
<arg>get_api</arg>
<arg>${url_w}</arg>
<arg>verify=True</arg>
<doc>Create Session: create a HTTP session to a server</doc>
<msg timestamp="20220924 01:53:56.560" level="INFO">Creating Session using : alias=get_api, url=https://aerisweather1.p.rapidapi.com, headers={},                     cookies={}, auth=None, timeout=None, proxies=None, verify=True,                     debug=0 </msg>
<status status="PASS" starttime="20220924 01:53:56.559" endtime="20220924 01:53:56.560"/>
</kw>
<kw name="Create Dictionary" library="BuiltIn">
<var>${headers}</var>
<arg>X-RapidAPI-Key=${x-api-key}</arg>
<arg>X-RapidAPI-Host=${host}</arg>
<doc>Creates and returns a dictionary based on the given ``items``.</doc>
<msg timestamp="20220924 01:53:56.562" level="INFO">${headers} = {'X-RapidAPI-Key': '825965648amsh06bc4bd94839638p12e344jsnec1402555659', 'X-RapidAPI-Host': 'aerisweather1.p.rapidapi.com'}</msg>
<status status="PASS" starttime="20220924 01:53:56.561" endtime="20220924 01:53:56.562"/>
</kw>
<kw name="Get Request" library="RequestsLibrary">
<var>${response}</var>
<arg>get_api</arg>
<arg>sunmoon/ankara,tr</arg>
<arg>headers=${headers}</arg>
<doc>Send a GET request on the session object found using the
given `alias`</doc>
<msg timestamp="20220924 01:53:56.766" level="INFO">GET Request : url=https://aerisweather1.p.rapidapi.com/sunmoon/ankara,tr 
 path_url=/sunmoon/ankara,tr 
 headers={'User-Agent': 'python-requests/2.26.0', 'Accept-Encoding': 'gzip, deflate', 'Accept': '*/*', 'Connection': 'keep-alive', 'X-RapidAPI-Key': '825965648amsh06bc4bd94839638p12e344jsnec1402555659', 'X-RapidAPI-Host': 'aerisweather1.p.rapidapi.com'} 
 body=None 
 </msg>
<msg timestamp="20220924 01:53:56.767" level="INFO">GET Response : url=https://aerisweather1.p.rapidapi.com/sunmoon/ankara,tr 
 status=200, reason=OK 
 body={"success":true,"error":null,"response":[{"timestamp":1663880400,"dateTimeISO":"2022-09-23T00:00:00+03:00","loc":{"lat":39.91987,"long":32.85427},"place":{"name":"ankara","state":"an","country":"tr"},"profile":{"tz":"Europe\/Istanbul"},"sun":{"rise":1663904222,"riseISO":"2022-09-23T06:37:02+03:00","set":1663947895,"setISO":"2022-09-23T18:44:55+03:00","transit":1663926058,"transitISO":"2022-09-23T12:40:58+03:00","midnightSun":false,"polarNight":false,"twilight":{"civilBegin":1663902608,"civilBeginISO":"2022-09-23T06:10:08+03:00","civilEnd":1663949509,"civilEndISO":"2022-09-23T19:11:49+03:00","nauticalBegin":1663900714,"nauticalBeginISO":"2022-09-23T05:38:34+03:00","nauticalEnd":1663951403,"nauticalEndISO":"2022-09-23T19:43:23+03:00","astronomicalBegin":1663898788,"astronomicalBeginISO":"2022-09-23T05:06:28+03:00","astronomicalEnd":1663953329,"astronomicalEndISO":"2022-09-23T20:15:29+03:00"}},"moon":{"rise":1663893720,"riseISO":"2022-09-23T03:42:00+03:00","set":1663945080,"setISO":"2022-09-23T17:58:00+03:00","transit":1663919760,"transitISO":"2022-09-23T10:56:00+03:00","underfoot":1663964280,"underfootISO":"2022-09-23T23:18:00+03:00","phase":{"phase":0.9011,"name":"waning crescent","illum":9,"age":26.61,"angle":0.5}}}]} 
 </msg>
<msg timestamp="20220924 01:53:56.767" level="INFO">${response} = &lt;Response [200]&gt;</msg>
<status status="PASS" starttime="20220924 01:53:56.563" endtime="20220924 01:53:56.767"/>
</kw>
<kw name="http response status from '${response}' should be '200'" sourcename="http response status from '${response}' should be '${expected_http_response_status}'">
<kw name="Should Be Equal As Integers" library="BuiltIn">
<arg>${response.status_code}</arg>
<arg>${${expected_http_response_status}}</arg>
<arg>valid http status</arg>
<doc>Fails if objects are unequal after converting them to integers.</doc>
<status status="PASS" starttime="20220924 01:53:56.768" endtime="20220924 01:53:56.771"/>
</kw>
<status status="PASS" starttime="20220924 01:53:56.768" endtime="20220924 01:53:56.771"/>
</kw>
<kw name="Log To Console" library="BuiltIn">
<arg>${response.status_code}</arg>
<doc>Logs the given message to the console.</doc>
<status status="PASS" starttime="20220924 01:53:56.772" endtime="20220924 01:53:56.774"/>
</kw>
<status status="PASS" starttime="20220924 01:53:56.558" endtime="20220924 01:53:56.775"/>
</test>
<test id="s1-t4" name="TC-004-post api with access key ex-04" line="45">
<kw name="Create Session" library="RequestsLibrary">
<arg>post_api_url</arg>
<arg>https://google-translate1.p.rapidapi.com</arg>
<arg>verify=True</arg>
<doc>Create Session: create a HTTP session to a server</doc>
<msg timestamp="20220924 01:53:56.779" level="INFO">Creating Session using : alias=post_api_url, url=https://google-translate1.p.rapidapi.com, headers={},                     cookies={}, auth=None, timeout=None, proxies=None, verify=True,                     debug=0 </msg>
<status status="PASS" starttime="20220924 01:53:56.778" endtime="20220924 01:53:56.779"/>
</kw>
<kw name="Create Dictionary" library="BuiltIn">
<var>${headers}</var>
<arg>content-type=${content-type}</arg>
<arg>Accept-Encoding=${application}</arg>
<arg>X-RapidAPI-Key=${x-api-key}</arg>
<arg>X-RapidAPI-Host=${tran-host}</arg>
<doc>Creates and returns a dictionary based on the given ``items``.</doc>
<msg timestamp="20220924 01:53:56.781" level="INFO">${headers} = {'content-type': 'application/x-www-form-urlencoded', 'Accept-Encoding': 'application/gzip', 'X-RapidAPI-Key': '825965648amsh06bc4bd94839638p12e344jsnec1402555659', 'X-RapidAPI-Host': 'google-translat...</msg>
<status status="PASS" starttime="20220924 01:53:56.780" endtime="20220924 01:53:56.782"/>
</kw>
<kw name="Create Dictionary" library="BuiltIn">
<var>${request_body}</var>
<arg>q=${hello}</arg>
<arg>target=${es}</arg>
<arg>source=${en}</arg>
<doc>Creates and returns a dictionary based on the given ``items``.</doc>
<msg timestamp="20220924 01:53:56.783" level="INFO">${request_body} = {'q': 'HelloWorld', 'target': 'es', 'source': 'en'}</msg>
<status status="PASS" starttime="20220924 01:53:56.782" endtime="20220924 01:53:56.783"/>
</kw>
<kw name="Post Request" library="RequestsLibrary">
<var>${response}</var>
<arg>post_api_url</arg>
<arg>language/translate/v2</arg>
<arg>headers=${headers}</arg>
<arg>data=${request_body}</arg>
<doc>Send a POST request on the session object found using the
given `alias`</doc>
<msg timestamp="20220924 01:53:58.039" level="INFO">POST Request : url=https://google-translate1.p.rapidapi.com/language/translate/v2 
 path_url=/language/translate/v2 
 headers={'User-Agent': 'python-requests/2.26.0', 'Accept-Encoding': 'application/gzip', 'Accept': '*/*', 'Connection': 'keep-alive', 'content-type': 'application/x-www-form-urlencoded', 'X-RapidAPI-Key': '825965648amsh06bc4bd94839638p12e344jsnec1402555659', 'X-RapidAPI-Host': 'google-translate1.p.rapidapi.com', 'Content-Length': '32'} 
 body=q=HelloWorld&amp;target=es&amp;source=en 
 </msg>
<msg timestamp="20220924 01:53:58.039" level="INFO">POST Response : url=https://google-translate1.p.rapidapi.com/language/translate/v2 
 status=200, reason=OK 
 body={"data":{"translations":[{"translatedText":"Hola Mundo"}]}} 
 </msg>
<msg timestamp="20220924 01:53:58.040" level="INFO">${response} = &lt;Response [200]&gt;</msg>
<status status="PASS" starttime="20220924 01:53:56.784" endtime="20220924 01:53:58.040"/>
</kw>
<kw name="http response status from '${response}' should be '200'" sourcename="http response status from '${response}' should be '${expected_http_response_status}'">
<kw name="Should Be Equal As Integers" library="BuiltIn">
<arg>${response.status_code}</arg>
<arg>${${expected_http_response_status}}</arg>
<arg>valid http status</arg>
<doc>Fails if objects are unequal after converting them to integers.</doc>
<status status="PASS" starttime="20220924 01:53:58.042" endtime="20220924 01:53:58.046"/>
</kw>
<status status="PASS" starttime="20220924 01:53:58.041" endtime="20220924 01:53:58.046"/>
</kw>
<kw name="Log To Console" library="BuiltIn">
<arg>${response.status_code}</arg>
<doc>Logs the given message to the console.</doc>
<status status="PASS" starttime="20220924 01:53:58.047" endtime="20220924 01:53:58.051"/>
</kw>
<status status="PASS" starttime="20220924 01:53:56.777" endtime="20220924 01:53:58.052"/>
</test>
<status status="FAIL" starttime="20220924 01:53:55.291" endtime="20220924 01:53:58.056"/>
</suite>
<statistics>
<total>
<stat pass="3" fail="1" skip="0">All Tests</stat>
</total>
<tag>
</tag>
<suite>
<stat pass="3" fail="1" skip="0" id="s1" name="Api Test">Api Test</stat>
</suite>
</statistics>
<errors>
</errors>
</robot>
